2025-05-21 16:05:32,842 - DataCollector - INFO - ✅ Datos obtenidos correctamente.
2025-05-21 16:05:32,856 - DataCollector - INFO - ✅ Base de datos actualizada correctamente
2025-05-21 16:05:32,860 - DataCollector - INFO - ✅ Datos guardados correctamente en CSV
2025-05-21 19:27:31,000 - DataCollector - INFO - ✅ Datos obtenidos correctamente.
2025-05-21 19:27:31,014 - DataCollector - INFO - ✅ Base de datos actualizada correctamente
2025-05-21 19:27:31,022 - DataCollector - INFO - ✅ Datos guardados correctamente en CSV
2025-05-21 19:48:50,602 - DataCollector - INFO - ✅ Datos obtenidos correctamente.
2025-05-21 19:48:50,614 - DataCollector - INFO - ✅ Base de datos actualizada correctamente
2025-05-21 19:48:50,619 - DataCollector - INFO - ✅ Datos guardados correctamente en CSV
2025-05-21 20:20:41,063 - DataCollector - INFO - ✅ Datos obtenidos correctamente.
2025-05-21 20:20:41,078 - DataCollector - INFO - ✅ Base de datos actualizada correctamente
2025-05-21 20:20:41,082 - DataCollector - INFO - ✅ Datos guardados correctamente en CSV
2025-05-21 20:27:38,573 - DataCollector - INFO - ✅ Datos obtenidos correctamente.
2025-05-21 20:27:38,594 - DataCollector - INFO - ✅ Base de datos actualizada correctamente
2025-05-21 20:27:38,599 - DataCollector - INFO - ✅ Datos guardados correctamente en CSV
2025-05-21 20:29:42,453 - DataCollector - INFO - ✅ Datos obtenidos correctamente.
2025-05-21 20:29:42,465 - DataCollector - INFO - ✅ Base de datos actualizada correctamente
2025-05-21 20:29:42,469 - DataCollector - INFO - ✅ Datos guardados correctamente en CSV
2025-05-22 00:55:35,385 - DataCollector - INFO - ✅ Datos obtenidos correctamente.
2025-05-22 00:55:35,400 - DataCollector - INFO - ✅ Base de datos actualizada correctamente
2025-05-22 00:55:35,407 - DataCollector - INFO - ✅ Datos guardados correctamente en CSV
2025-05-23 00:55:28,124 - DataCollector - INFO - ✅ Datos obtenidos correctamente.
2025-05-23 00:55:28,140 - DataCollector - INFO - ✅ Base de datos actualizada correctamente
2025-05-23 00:55:28,147 - DataCollector - INFO - ✅ Datos guardados correctamente en CSV
2025-05-24 00:53:19,333 - DataCollector - INFO - ✅ Datos obtenidos correctamente.
2025-05-24 00:53:19,346 - DataCollector - INFO - ✅ Base de datos actualizada correctamente
2025-05-24 00:53:19,351 - DataCollector - INFO - ✅ Datos guardados correctamente en CSV
2025-05-25 01:00:42,243 - DataCollector - INFO - ✅ Datos obtenidos correctamente.
2025-05-25 01:00:42,257 - DataCollector - INFO - ✅ Base de datos actualizada correctamente
2025-05-25 01:00:42,261 - DataCollector - INFO - ✅ Datos guardados correctamente en CSV
2025-05-26 00:57:15,043 - DataCollector - INFO - ✅ Datos obtenidos correctamente.
2025-05-26 00:57:15,058 - DataCollector - INFO - ✅ Base de datos actualizada correctamente
2025-05-26 00:57:15,063 - DataCollector - INFO - ✅ Datos guardados correctamente en CSV
2025-05-27 00:54:40,161 - DataCollector - INFO - ✅ Datos obtenidos correctamente.
2025-05-27 00:54:40,174 - DataCollector - INFO - ✅ Base de datos actualizada correctamente
2025-05-27 00:54:40,179 - DataCollector - INFO - ✅ Datos guardados correctamente en CSV
2025-05-28 00:55:43,487 - DataCollector - INFO - ✅ Datos obtenidos correctamente.
2025-05-28 00:55:43,500 - DataCollector - INFO - ✅ Base de datos actualizada correctamente
2025-05-28 00:55:43,505 - DataCollector - INFO - ✅ Datos guardados correctamente en CSV
2025-05-29 00:56:08,063 - DataCollector - INFO - ✅ Datos obtenidos correctamente.
2025-05-29 00:56:08,078 - DataCollector - INFO - ✅ Base de datos actualizada correctamente
2025-05-29 00:56:08,083 - DataCollector - INFO - ✅ Datos guardados correctamente en CSV
2025-05-30 00:55:35,863 - DataCollector - INFO - ✅ Datos obtenidos correctamente.
2025-05-30 00:55:35,879 - DataCollector - INFO - ✅ Base de datos actualizada correctamente
2025-05-30 00:55:35,887 - DataCollector - INFO - ✅ Datos guardados correctamente en CSV
2025-05-31 00:54:37,918 - DataCollector - INFO - ✅ Datos obtenidos correctamente.
2025-05-31 00:54:37,932 - DataCollector - INFO - ✅ Base de datos actualizada correctamente
2025-05-31 00:54:37,940 - DataCollector - INFO - ✅ Datos guardados correctamente en CSV
2025-06-01 01:07:06,956 - DataCollector - INFO - ✅ Datos obtenidos correctamente.
2025-06-01 01:07:06,968 - DataCollector - INFO - ✅ Base de datos actualizada correctamente
2025-06-01 01:07:06,972 - DataCollector - INFO - ✅ Datos guardados correctamente en CSV
2025-06-02 00:58:42,416 - DataCollector - INFO - ✅ Datos obtenidos correctamente.
2025-06-02 00:58:42,431 - DataCollector - INFO - ✅ Base de datos actualizada correctamente
2025-06-02 00:58:42,435 - DataCollector - INFO - ✅ Datos guardados correctamente en CSV
2025-06-03 00:57:12,319 - DataCollector - INFO - ✅ Datos obtenidos correctamente.
2025-06-03 00:57:12,339 - DataCollector - INFO - ✅ Base de datos actualizada correctamente
2025-06-03 00:57:12,346 - DataCollector - INFO - ✅ Datos guardados correctamente en CSV
2025-06-04 00:56:53,080 - DataCollector - INFO - ✅ Datos obtenidos correctamente.
2025-06-04 00:56:53,095 - DataCollector - INFO - ✅ Base de datos actualizada correctamente
2025-06-04 00:56:53,099 - DataCollector - INFO - ✅ Datos guardados correctamente en CSV
2025-06-05 00:56:16,165 - DataCollector - INFO - ✅ Datos obtenidos correctamente.
2025-06-05 00:56:16,178 - DataCollector - INFO - ✅ Base de datos actualizada correctamente
2025-06-05 00:56:16,183 - DataCollector - INFO - ✅ Datos guardados correctamente en CSV
2025-06-06 00:55:54,374 - DataCollector - INFO - ✅ Datos obtenidos correctamente.
2025-06-06 00:55:54,390 - DataCollector - INFO - ✅ Base de datos actualizada correctamente
2025-06-06 00:55:54,398 - DataCollector - INFO - ✅ Datos guardados correctamente en CSV
2025-06-07 00:55:34,296 - DataCollector - INFO - ✅ Datos obtenidos correctamente.
2025-06-07 00:55:34,341 - DataCollector - INFO - ✅ Base de datos actualizada correctamente
2025-06-07 00:55:34,350 - DataCollector - INFO - ✅ Datos guardados correctamente en CSV
2025-06-08 01:01:53,746 - DataCollector - INFO - ✅ Datos obtenidos correctamente.
2025-06-08 01:01:53,759 - DataCollector - INFO - ✅ Base de datos actualizada correctamente
2025-06-08 01:01:53,763 - DataCollector - INFO - ✅ Datos guardados correctamente en CSV
2025-06-09 00:59:50,572 - DataCollector - INFO - ✅ Datos obtenidos correctamente.
2025-06-09 00:59:50,587 - DataCollector - INFO - ✅ Base de datos actualizada correctamente
2025-06-09 00:59:50,592 - DataCollector - INFO - ✅ Datos guardados correctamente en CSV
2025-06-10 00:57:04,846 - DataCollector - INFO - ✅ Datos obtenidos correctamente.
2025-06-10 00:57:04,861 - DataCollector - INFO - ✅ Base de datos actualizada correctamente
2025-06-10 00:57:04,866 - DataCollector - INFO - ✅ Datos guardados correctamente en CSV
2025-06-11 00:57:04,473 - DataCollector - INFO - ✅ Datos obtenidos correctamente.
2025-06-11 00:57:04,488 - DataCollector - INFO - ✅ Base de datos actualizada correctamente
2025-06-11 00:57:04,495 - DataCollector - INFO - ✅ Datos guardados correctamente en CSV
2025-06-12 00:56:23,060 - DataCollector - INFO - ✅ Datos obtenidos correctamente.
2025-06-12 00:56:23,074 - DataCollector - INFO - ✅ Base de datos actualizada correctamente
2025-06-12 00:56:23,081 - DataCollector - INFO - ✅ Datos guardados correctamente en CSV
2025-06-13 00:57:03,154 - DataCollector - ERROR - ⚠ Error al obtener los datos, código: 404
2025-06-13 00:57:03,154 - DataCollector - ERROR - ⚠ No se pudieron obtener datos, el proceso se detiene.
2025-06-14 00:54:48,951 - DataCollector - INFO - ✅ Datos obtenidos correctamente.
2025-06-14 00:54:48,965 - DataCollector - INFO - ✅ Base de datos actualizada correctamente
2025-06-14 00:54:48,970 - DataCollector - INFO - ✅ Datos guardados correctamente en CSV
